20140725_121422 CANNOT FIND ELEMENT.
Screenshot: .\resources\errors\screenshots\screenshot_20140725_121422.png
-----STACK TRACE------
org.openqa.selenium.NoSuchElementException: Unable to locate element: {"method":"xpath","selector":"//div[@id='BiHBox-135']/div[1]"}
Command duration or timeout: 35 milliseconds
For documentation on this error, please visit: http://seleniumhq.org/exceptions/no_such_element.html
Build info: version: '2.42.1', revision: '68b415a', time: '2014-05-29 16:17:18'
System info: host: 'OGA-01', ip: '192.168.4.196', os.name: 'Windows 7', os.arch: 'x86', os.version: '6.1', java.version: '1.7.0_04'
Session ID: 2b041c4a-449a-47e4-94d4-7fb606af4c0c
Driver info: org.openqa.selenium.firefox.FirefoxDriver
Capabilities [{platform=XP, acceptSslCerts=true, javascriptEnabled=true, browserName=firefox, rotatable=false, locationContextEnabled=true, version=30.0, cssSelectorsEnabled=true, databaseEnabled=true, handlesAlerts=true, browserConnectionEnabled=true, nativeEvents=false, webStorageEnabled=true, applicationCacheEnabled=true, takesScreenshot=true}]
	at sun.reflect.NativeConstructorAccessorImpl.newInstance0(Native Method)
	at sun.reflect.NativeConstructorAccessorImpl.newInstance(NativeConstructorAccessorImpl.java:57)
	at sun.reflect.DelegatingConstructorAccessorImpl.newInstance(DelegatingConstructorAccessorImpl.java:45)
	at java.lang.reflect.Constructor.newInstance(Constructor.java:525)
	at org.openqa.selenium.remote.ErrorHandler.createThrowable(ErrorHandler.java:204)
	at org.openqa.selenium.remote.ErrorHandler.throwIfResponseFailed(ErrorHandler.java:156)
	at org.openqa.selenium.remote.RemoteWebDriver.execute(RemoteWebDriver.java:600)
	at org.openqa.selenium.remote.RemoteWebDriver.findElement(RemoteWebDriver.java:353)
	at org.openqa.selenium.remote.RemoteWebDriver.findElementByXPath(RemoteWebDriver.java:450)
	at org.openqa.selenium.By$ByXPath.findElement(By.java:357)
	at org.openqa.selenium.remote.RemoteWebDriver.findElement(RemoteWebDriver.java:345)
	at com.olenick.avatar.pages.ICare2.detectMenuBarItems(ICare2.java:48)
	at com.olenick.avatar.main.Avatar_v3_0.timingPatientExperience(Avatar_v3_0.java:286)
	at com.olenick.avatar.main.Avatar_v3_0.main(Avatar_v3_0.java:74)
Caused by: org.openqa.selenium.remote.ErrorHandler$UnknownServerException: Unable to locate element: {"method":"xpath","selector":"//div[@id='BiHBox-135']/div[1]"}
Build info: version: '2.42.1', revision: '68b415a', time: '2014-05-29 16:17:18'
System info: host: 'OGA-01', ip: '192.168.4.196', os.name: 'Windows 7', os.arch: 'x86', os.version: '6.1', java.version: '1.7.0_04'
Driver info: driver.version: unknown
	at <anonymous class>.FirefoxDriver.prototype.findElementInternal_(file:///C:/Users/dpiriz/AppData/Local/Temp/anonymous6092989655042292328webdriver-profile/extensions/fxdriver@googlecode.com/components/driver_component.js:9470:7)
	at <anonymous class>.FirefoxDriver.prototype.findElement(file:///C:/Users/dpiriz/AppData/Local/Temp/anonymous6092989655042292328webdriver-profile/extensions/fxdriver@googlecode.com/components/driver_component.js:9479:3)
	at <anonymous class>.DelayedCommand.prototype.executeInternal_/h(file:///C:/Users/dpiriz/AppData/Local/Temp/anonymous6092989655042292328webdriver-profile/extensions/fxdriver@googlecode.com/components/command_processor.js:11455:11)
	at <anonymous class>.DelayedCommand.prototype.executeInternal_(file:///C:/Users/dpiriz/AppData/Local/Temp/anonymous6092989655042292328webdriver-profile/extensions/fxdriver@googlecode.com/components/command_processor.js:11460:7)
	at <anonymous class>.DelayedCommand.prototype.execute/<(file:///C:/Users/dpiriz/AppData/Local/Temp/anonymous6092989655042292328webdriver-profile/extensions/fxdriver@googlecode.com/components/command_processor.js:11402:5)


