20140731_174512 CANNOT FIND ELEMENT.
Screenshot: .\resources\errors\screenshots\screenshot_20140731_174512.png
-----STACK TRACE------
org.openqa.selenium.NoSuchElementException: Unable to locate element: {"method":"xpath","selector":"option[@value=\"Care TRansition Measure\"]"}
Command duration or timeout: 20 milliseconds
For documentation on this error, please visit: http://seleniumhq.org/exceptions/no_such_element.html
Build info: version: '2.42.1', revision: '68b415a', time: '2014-05-29 16:17:18'
System info: host: 'OGA-01', ip: '192.168.4.185', os.name: 'Windows 7', os.arch: 'x86', os.version: '6.1', java.version: '1.7.0_04'
Session ID: 6fa69fb2-5244-47e7-b662-42ea898a0b79
Driver info: org.openqa.selenium.firefox.FirefoxDriver
Capabilities [{platform=XP, acceptSslCerts=true, javascriptEnabled=true, browserName=firefox, rotatable=false, locationContextEnabled=true, version=31.0, cssSelectorsEnabled=true, databaseEnabled=true, handlesAlerts=true, nativeEvents=false, webStorageEnabled=true, applicationCacheEnabled=true, takesScreenshot=true}]
	at sun.reflect.NativeConstructorAccessorImpl.newInstance0(Native Method)
	at sun.reflect.NativeConstructorAccessorImpl.newInstance(NativeConstructorAccessorImpl.java:57)
	at sun.reflect.DelegatingConstructorAccessorImpl.newInstance(DelegatingConstructorAccessorImpl.java:45)
	at java.lang.reflect.Constructor.newInstance(Constructor.java:525)
	at org.openqa.selenium.remote.ErrorHandler.createThrowable(ErrorHandler.java:204)
	at org.openqa.selenium.remote.ErrorHandler.throwIfResponseFailed(ErrorHandler.java:156)
	at org.openqa.selenium.remote.RemoteWebDriver.execute(RemoteWebDriver.java:600)
	at org.openqa.selenium.remote.RemoteWebElement.execute(RemoteWebElement.java:268)
	at org.openqa.selenium.remote.RemoteWebElement.findElement(RemoteWebElement.java:171)
	at org.openqa.selenium.remote.RemoteWebElement.findElementByXPath(RemoteWebElement.java:244)
	at org.openqa.selenium.By$ByXPath.findElement(By.java:357)
	at org.openqa.selenium.remote.RemoteWebElement.findElement(RemoteWebElement.java:167)
	at com.olenick.avatar.pages.PatientExperience.setMultiselectListValue(PatientExperience.java:845)
	at com.olenick.avatar.pages.PatientExperience.completeSurveySelection(PatientExperience.java:739)
	at com.olenick.avatar.pages.PatientExperience.runSearch(PatientExperience.java:721)
	at com.olenick.avatar.main.Avatar_v3_0.main(Avatar_v3_0.java:64)
Caused by: org.openqa.selenium.remote.ErrorHandler$UnknownServerException: Unable to locate element: {"method":"xpath","selector":"option[@value=\"Care TRansition Measure\"]"}
Build info: version: '2.42.1', revision: '68b415a', time: '2014-05-29 16:17:18'
System info: host: 'OGA-01', ip: '192.168.4.185', os.name: 'Windows 7', os.arch: 'x86', os.version: '6.1', java.version: '1.7.0_04'
Driver info: driver.version: unknown
	at <anonymous class>.FirefoxDriver.prototype.findElementInternal_(file:///C:/Users/dpiriz/AppData/Local/Temp/anonymous5991722431041155950webdriver-profile/extensions/fxdriver@googlecode.com/components/driver_component.js:9470:133)
	at <anonymous class>.FirefoxDriver.prototype.findChildElement(file:///C:/Users/dpiriz/AppData/Local/Temp/anonymous5991722431041155950webdriver-profile/extensions/fxdriver@googlecode.com/components/driver_component.js:9482:3)
	at <anonymous class>.DelayedCommand.prototype.executeInternal_/h(file:///C:/Users/dpiriz/AppData/Local/Temp/anonymous5991722431041155950webdriver-profile/extensions/fxdriver@googlecode.com/components/command_processor.js:11455:16)
	at <anonymous class>.DelayedCommand.prototype.executeInternal_(file:///C:/Users/dpiriz/AppData/Local/Temp/anonymous5991722431041155950webdriver-profile/extensions/fxdriver@googlecode.com/components/command_processor.js:11460:7)
	at <anonymous class>.DelayedCommand.prototype.execute/<(file:///C:/Users/dpiriz/AppData/Local/Temp/anonymous5991722431041155950webdriver-profile/extensions/fxdriver@googlecode.com/components/command_processor.js:11402:5)


