20140722_180112 ELEMENT NO LONGER ATTACHED TO THE DOM.
Screenshot: .\resources\errors\screenshots\screenshot_20140722_180112.png
-----STACK TRACE------
org.openqa.selenium.StaleElementReferenceException: Element is no longer attached to the DOM
Command duration or timeout: 42 milliseconds
For documentation on this error, please visit: http://seleniumhq.org/exceptions/stale_element_reference.html
Build info: version: '2.42.2', revision: '6a6995d', time: '2014-06-03 17:42:30'
System info: host: 'Elitebook', ip: '192.168.4.5', os.name: 'Windows 7', os.arch: 'amd64', os.version: '6.1', java.version: '1.8.0_05'
Driver info: org.openqa.selenium.firefox.FirefoxDriver
Capabilities [{applicationCacheEnabled=true, rotatable=false, handlesAlerts=true, databaseEnabled=true, version=30.0, platform=XP, browserConnectionEnabled=true, nativeEvents=false, acceptSslCerts=true, webStorageEnabled=true, locationContextEnabled=true, browserName=firefox, takesScreenshot=true, javascriptEnabled=true, cssSelectorsEnabled=true}]
Session ID: 13a10f61-6c76-435c-aeee-5e7829a2c93c
	at sun.reflect.NativeConstructorAccessorImpl.newInstance0(Native Method)
	at sun.reflect.NativeConstructorAccessorImpl.newInstance(Unknown Source)
	at sun.reflect.DelegatingConstructorAccessorImpl.newInstance(Unknown Source)
	at java.lang.reflect.Constructor.newInstance(Unknown Source)
	at org.openqa.selenium.remote.ErrorHandler.createThrowable(ErrorHandler.java:204)
	at org.openqa.selenium.remote.ErrorHandler.throwIfResponseFailed(ErrorHandler.java:156)
	at org.openqa.selenium.remote.RemoteWebDriver.execute(RemoteWebDriver.java:599)
	at org.openqa.selenium.remote.RemoteWebElement.execute(RemoteWebElement.java:268)
	at org.openqa.selenium.remote.RemoteWebElement.isSelected(RemoteWebElement.java:132)
	at org.openqa.selenium.support.ui.Select.deselectAll(Select.java:227)
	at com.olenick.avatar.pages.PatientExperience.setMultiselectListValue(PatientExperience.java:794)
	at com.olenick.avatar.pages.PatientExperience.completeDemographicFilters(PatientExperience.java:763)
	at com.olenick.avatar.pages.PatientExperience.completeSurveySelection(PatientExperience.java:752)
	at com.olenick.avatar.pages.PatientExperience.runSearch(PatientExperience.java:722)
	at com.olenick.avatar.main.Avatar_v3_0.main(Avatar_v3_0.java:94)
Caused by: org.openqa.selenium.remote.ErrorHandler$UnknownServerException: Element is no longer attached to the DOM
Build info: version: '2.42.2', revision: '6a6995d', time: '2014-06-03 17:42:30'
System info: host: 'Elitebook', ip: '192.168.4.5', os.name: 'Windows 7', os.arch: 'amd64', os.version: '6.1', java.version: '1.8.0_05'
Driver info: driver.version: unknown
	at <anonymous class>.fxdriver.cache.getElementAt(resource://fxdriver/modules/web_element_cache.js:8183:5)
	at <anonymous class>.Utils.getElementAt(file:///C:/Users/DARIOP~1/AppData/Local/Temp/anonymous7269934531023227986webdriver-profile/extensions/fxdriver@googlecode.com/components/command_processor.js:7783:3)
	at <anonymous class>.WebElement.isElementSelected(file:///C:/Users/DARIOP~1/AppData/Local/Temp/anonymous7269934531023227986webdriver-profile/extensions/fxdriver@googlecode.com/components/command_processor.js:10962:1)
	at <anonymous class>.DelayedCommand.prototype.executeInternal_/h(file:///C:/Users/DARIOP~1/AppData/Local/Temp/anonymous7269934531023227986webdriver-profile/extensions/fxdriver@googlecode.com/components/command_processor.js:11455:11)
	at <anonymous class>.DelayedCommand.prototype.executeInternal_(file:///C:/Users/DARIOP~1/AppData/Local/Temp/anonymous7269934531023227986webdriver-profile/extensions/fxdriver@googlecode.com/components/command_processor.js:11460:7)
	at <anonymous class>.DelayedCommand.prototype.execute/<(file:///C:/Users/DARIOP~1/AppData/Local/Temp/anonymous7269934531023227986webdriver-profile/extensions/fxdriver@googlecode.com/components/command_processor.js:11402:5)


